Build started 12/6/2015 12:08:10 PM.
     1>Project "C:\Users\Jemma\Documents\School\CS_334\My Projects\Final\Assignment1Framework\Assignment1Framework\OpenGLFramework\OpenGLFramework\OpenGLFramework.vcxproj" on node 2 (Build target(s)).
     1>ClCompile:
         C:\Program Files (x86)\Microsoft Visual Studio 12.0\VC\bin\CL.exe /c /ZI /nologo /W3 /WX- /sdl /Od /Oy- /D _MBCS /D _MBCS /D _CRT_SECURE_NO_WARNINGS /Gm /EHsc /RTC1 /MDd /GS /fp:precise /Zc:wchar_t /Zc:forScope /Fo"Debug\\" /Fd"Debug\vc120.pdb" /Gd /TP /analyze- /errorReport:prompt main.cpp
         main.cpp
     1>c:\users\jemma\documents\school\cs_334\my projects\final\assignment1framework\assignment1framework\openglframework\openglframework\main.cpp(14): warning C4305: 'initializing' : truncation from 'double' to 'const float'
     1>c:\users\jemma\documents\school\cs_334\my projects\final\assignment1framework\assignment1framework\openglframework\openglframework\main.cpp(58): warning C4305: 'initializing' : truncation from 'double' to 'float'
     1>c:\users\jemma\documents\school\cs_334\my projects\final\assignment1framework\assignment1framework\openglframework\openglframework\main.cpp(119): warning C4244: 'initializing' : conversion from 'int' to 'float', possible loss of data
     1>c:\users\jemma\documents\school\cs_334\my projects\final\assignment1framework\assignment1framework\openglframework\openglframework\main.cpp(136): warning C4305: 'initializing' : truncation from 'double' to 'float'
     1>c:\users\jemma\documents\school\cs_334\my projects\final\assignment1framework\assignment1framework\openglframework\openglframework\main.cpp(148): warning C4244: 'argument' : conversion from 'double' to 'float', possible loss of data
     1>c:\users\jemma\documents\school\cs_334\my projects\final\assignment1framework\assignment1framework\openglframework\openglframework\main.cpp(160): warning C4305: 'argument' : truncation from 'double' to 'float'
     1>c:\users\jemma\documents\school\cs_334\my projects\final\assignment1framework\assignment1framework\openglframework\openglframework\main.cpp(245): warning C4244: 'argument' : conversion from 'double' to 'int', possible loss of data
     1>c:\users\jemma\documents\school\cs_334\my projects\final\assignment1framework\assignment1framework\openglframework\openglframework\main.cpp(246): warning C4244: 'argument' : conversion from 'double' to 'int', possible loss of data
     1>c:\users\jemma\documents\school\cs_334\my projects\final\assignment1framework\assignment1framework\openglframework\openglframework\main.cpp(387): warning C4244: 'initializing' : conversion from 'double' to 'float', possible loss of data
     1>c:\users\jemma\documents\school\cs_334\my projects\final\assignment1framework\assignment1framework\openglframework\openglframework\main.cpp(391): warning C4244: '=' : conversion from 'double' to 'float', possible loss of data
     1>c:\users\jemma\documents\school\cs_334\my projects\final\assignment1framework\assignment1framework\openglframework\openglframework\main.cpp(396): warning C4244: '=' : conversion from 'double' to 'float', possible loss of data
     1>c:\users\jemma\documents\school\cs_334\my projects\final\assignment1framework\assignment1framework\openglframework\openglframework\main.cpp(401): warning C4244: '=' : conversion from 'double' to 'float', possible loss of data
     1>c:\users\jemma\documents\school\cs_334\my projects\final\assignment1framework\assignment1framework\openglframework\openglframework\main.cpp(410): warning C4244: 'return' : conversion from 'double' to 'float', possible loss of data
     1>c:\users\jemma\documents\school\cs_334\my projects\final\assignment1framework\assignment1framework\openglframework\openglframework\main.cpp(413): warning C4244: 'return' : conversion from 'double' to 'float', possible loss of data
     1>c:\users\jemma\documents\school\cs_334\my projects\final\assignment1framework\assignment1framework\openglframework\openglframework\main.cpp(417): warning C4244: 'return' : conversion from 'double' to 'float', possible loss of data
     1>c:\users\jemma\documents\school\cs_334\my projects\final\assignment1framework\assignment1framework\openglframework\openglframework\main.cpp(420): warning C4244: 'return' : conversion from 'double' to 'float', possible loss of data
     1>c:\users\jemma\documents\school\cs_334\my projects\final\assignment1framework\assignment1framework\openglframework\openglframework\main.cpp(423): warning C4244: 'return' : conversion from 'double' to 'float', possible loss of data
     1>c:\users\jemma\documents\school\cs_334\my projects\final\assignment1framework\assignment1framework\openglframework\openglframework\main.cpp(429): warning C4244: 'initializing' : conversion from 'double' to 'float', possible loss of data
     1>c:\users\jemma\documents\school\cs_334\my projects\final\assignment1framework\assignment1framework\openglframework\openglframework\main.cpp(434): warning C4244: 'initializing' : conversion from 'double' to 'float', possible loss of data
     1>c:\users\jemma\documents\school\cs_334\my projects\final\assignment1framework\assignment1framework\openglframework\openglframework\main.cpp(442): warning C4244: 'initializing' : conversion from 'double' to 'float', possible loss of data
     1>c:\users\jemma\documents\school\cs_334\my projects\final\assignment1framework\assignment1framework\openglframework\openglframework\main.cpp(526): warning C4244: 'initializing' : conversion from 'float' to 'int', possible loss of data
     1>c:\users\jemma\documents\school\cs_334\my projects\final\assignment1framework\assignment1framework\openglframework\openglframework\main.cpp(648): warning C4244: 'return' : conversion from 'double' to 'float', possible loss of data
     1>c:\users\jemma\documents\school\cs_334\my projects\final\assignment1framework\assignment1framework\openglframework\openglframework\main.cpp(653): warning C4244: 'return' : conversion from 'double' to 'float', possible loss of data
     1>c:\users\jemma\documents\school\cs_334\my projects\final\assignment1framework\assignment1framework\openglframework\openglframework\main.cpp(659): warning C4244: 'return' : conversion from 'double' to 'float', possible loss of data
     1>c:\users\jemma\documents\school\cs_334\my projects\final\assignment1framework\assignment1framework\openglframework\openglframework\main.cpp(663): warning C4244: 'return' : conversion from 'double' to 'float', possible loss of data
     1>c:\users\jemma\documents\school\cs_334\my projects\final\assignment1framework\assignment1framework\openglframework\openglframework\main.cpp(666): warning C4244: 'return' : conversion from 'double' to 'float', possible loss of data
     1>c:\users\jemma\documents\school\cs_334\my projects\final\assignment1framework\assignment1framework\openglframework\openglframework\main.cpp(669): warning C4244: 'return' : conversion from 'double' to 'float', possible loss of data
     1>c:\users\jemma\documents\school\cs_334\my projects\final\assignment1framework\assignment1framework\openglframework\openglframework\main.cpp(674): warning C4244: 'return' : conversion from 'double' to 'float', possible loss of data
     1>c:\users\jemma\documents\school\cs_334\my projects\final\assignment1framework\assignment1framework\openglframework\openglframework\main.cpp(677): warning C4244: 'return' : conversion from 'double' to 'float', possible loss of data
     1>c:\users\jemma\documents\school\cs_334\my projects\final\assignment1framework\assignment1framework\openglframework\openglframework\main.cpp(680): warning C4244: 'return' : conversion from 'double' to 'float', possible loss of data
     1>c:\users\jemma\documents\school\cs_334\my projects\final\assignment1framework\assignment1framework\openglframework\openglframework\main.cpp(850): warning C4129: 'R' : unrecognized character escape sequence
     1>c:\users\jemma\documents\school\cs_334\my projects\final\assignment1framework\assignment1framework\openglframework\openglframework\main.cpp(859): warning C4129: 'H' : unrecognized character escape sequence
     1>c:\users\jemma\documents\school\cs_334\my projects\final\assignment1framework\assignment1framework\openglframework\openglframework\main.cpp(1042): warning C4244: 'argument' : conversion from 'time_t' to 'unsigned int', possible loss of data
     1>c:\users\jemma\documents\school\cs_334\my projects\final\assignment1framework\assignment1framework\openglframework\openglframework\main.cpp(1055): warning C4244: 'argument' : conversion from 'float' to 'int', possible loss of data
     1>c:\users\jemma\documents\school\cs_334\my projects\final\assignment1framework\assignment1framework\openglframework\openglframework\main.cpp(426): warning C4715: 'calculateAngleRange' : not all control paths return a value
     1>c:\users\jemma\documents\school\cs_334\my projects\final\assignment1framework\assignment1framework\openglframework\openglframework\main.cpp(321): warning C4715: 'determineHoldRelationship' : not all control paths return a value
     1>c:\users\jemma\documents\school\cs_334\my projects\final\assignment1framework\assignment1framework\openglframework\openglframework\main.cpp(655): warning C4715: 'calculateMidAngleForFoot' : not all control paths return a value
     1>c:\users\jemma\documents\school\cs_334\my projects\final\assignment1framework\assignment1framework\openglframework\openglframework\main.cpp(683): warning C4715: 'calculateAngleRangeForFoot' : not all control paths return a value
       Link:
         C:\Program Files (x86)\Microsoft Visual Studio 12.0\VC\bin\link.exe /ERRORREPORT:PROMPT /OUT:"C:\Users\Jemma\Documents\School\CS_334\My Projects\Final\Assignment1Framework\Assignment1Framework\OpenGLFramework\Debug\OpenGLFramework.exe" /INCREMENTAL /NOLOGO kernel32.lib user32.lib gdi32.lib winspool.lib comdlg32.lib advapi32.lib shell32.lib ole32.lib oleaut32.lib uuid.lib odbc32.lib odbccp32.lib /MANIFEST /MANIFESTUAC:"level='asInvoker' uiAccess='false'" /manifest:embed /DEBUG /PDB:"C:\Users\Jemma\Documents\School\CS_334\My Projects\Final\Assignment1Framework\Assignment1Framework\OpenGLFramework\Debug\OpenGLFramework.pdb" /TLBID:1 /DYNAMICBASE /NXCOMPAT /IMPLIB:"C:\Users\Jemma\Documents\School\CS_334\My Projects\Final\Assignment1Framework\Assignment1Framework\OpenGLFramework\Debug\OpenGLFramework.lib" /MACHINE:X86 Debug\main.obj
         OpenGLFramework.vcxproj -> C:\Users\Jemma\Documents\School\CS_334\My Projects\Final\Assignment1Framework\Assignment1Framework\OpenGLFramework\Debug\OpenGLFramework.exe
     1>Done Building Project "C:\Users\Jemma\Documents\School\CS_334\My Projects\Final\Assignment1Framework\Assignment1Framework\OpenGLFramework\OpenGLFramework\OpenGLFramework.vcxproj" (Build target(s)).

Build succeeded.

Time Elapsed 00:00:01.00
