C:\USERS\ANDRESMAURICIO.ANDRES-LAPTOP\DESKTOP\SOLUTION\OPENGLFRAMEWORK\OPENGLFRAMEWORK\DEBUG\MAIN.OBJ
C:\USERS\ANDRESMAURICIO.ANDRES-LAPTOP\DESKTOP\SOLUTION\OPENGLFRAMEWORK\OPENGLFRAMEWORK\DEBUG\VC110.PDB
C:\USERS\ANDRESMAURICIO.ANDRES-LAPTOP\DESKTOP\ASSIGNMENT1FRAMEWORK\OPENGLFRAMEWORK\OPENGLFRAMEWORK\DEBUG\MAIN.OBJ
C:\USERS\ANDRESMAURICIO.ANDRES-LAPTOP\DESKTOP\ASSIGNMENT1FRAMEWORK\OPENGLFRAMEWORK\OPENGLFRAMEWORK\DEBUG\VC110.PDB
C:\USERS\ANDRESMAURICIO.ANDRES-LAPTOP\DESKTOP\SOLUTION\OPENGLFRAMEWORK\DEBUG\OPENGLFRAMEWORK.ILK
C:\USERS\ANDRESMAURICIO.ANDRES-LAPTOP\DESKTOP\SOLUTION\OPENGLFRAMEWORK\DEBUG\OPENGLFRAMEWORK.EXE
C:\USERS\ANDRESMAURICIO.ANDRES-LAPTOP\DESKTOP\SOLUTION\OPENGLFRAMEWORK\DEBUG\OPENGLFRAMEWORK.PDB
C:\USERS\ANDRESMAURICIO.ANDRES-LAPTOP\DESKTOP\ASSIGNMENT1FRAMEWORK\OPENGLFRAMEWORK\DEBUG\OPENGLFRAMEWORK.ILK
C:\USERS\ANDRESMAURICIO.ANDRES-LAPTOP\DESKTOP\ASSIGNMENT1FRAMEWORK\OPENGLFRAMEWORK\DEBUG\OPENGLFRAMEWORK.EXE
C:\USERS\ANDRESMAURICIO.ANDRES-LAPTOP\DESKTOP\ASSIGNMENT1FRAMEWORK\OPENGLFRAMEWORK\DEBUG\OPENGLFRAMEWORK.PDB
\\matrix.cs.purdue.edu\homes\aliaga\doc\Courses\cs334\2015-Fall\Assignment1Framework\Assignment1Framework\OpenGLFramework\OpenGLFramework\Debug\main.obj
\\matrix.cs.purdue.edu\homes\aliaga\doc\Courses\cs334\2015-Fall\Assignment1Framework\Assignment1Framework\OpenGLFramework\OpenGLFramework\Debug\cl.command.1.tlog
\\matrix.cs.purdue.edu\homes\aliaga\doc\Courses\cs334\2015-Fall\Assignment1Framework\Assignment1Framework\OpenGLFramework\OpenGLFramework\Debug\CL.read.1.tlog
\\matrix.cs.purdue.edu\homes\aliaga\doc\Courses\cs334\2015-Fall\Assignment1Framework\Assignment1Framework\OpenGLFramework\OpenGLFramework\Debug\CL.write.1.tlog
\\matrix.cs.purdue.edu\homes\aliaga\doc\Courses\cs334\2015-Fall\Assignment1Framework\Assignment1Framework\OpenGLFramework\OpenGLFramework\Debug\link-cvtres.read.1.tlog
\\matrix.cs.purdue.edu\homes\aliaga\doc\Courses\cs334\2015-Fall\Assignment1Framework\Assignment1Framework\OpenGLFramework\OpenGLFramework\Debug\link-cvtres.write.1.tlog
\\matrix.cs.purdue.edu\homes\aliaga\doc\Courses\cs334\2015-Fall\Assignment1Framework\Assignment1Framework\OpenGLFramework\OpenGLFramework\Debug\link-rc.read.1.tlog
\\matrix.cs.purdue.edu\homes\aliaga\doc\Courses\cs334\2015-Fall\Assignment1Framework\Assignment1Framework\OpenGLFramework\OpenGLFramework\Debug\link-rc.write.1.tlog
\\matrix.cs.purdue.edu\homes\aliaga\doc\Courses\cs334\2015-Fall\Assignment1Framework\Assignment1Framework\OpenGLFramework\OpenGLFramework\Debug\link.command.1.tlog
\\matrix.cs.purdue.edu\homes\aliaga\doc\Courses\cs334\2015-Fall\Assignment1Framework\Assignment1Framework\OpenGLFramework\OpenGLFramework\Debug\link.read.1.tlog
\\matrix.cs.purdue.edu\homes\aliaga\doc\Courses\cs334\2015-Fall\Assignment1Framework\Assignment1Framework\OpenGLFramework\OpenGLFramework\Debug\link.write.1.tlog
\\matrix.cs.purdue.edu\homes\aliaga\doc\Courses\cs334\2015-Fall\Assignment1Framework\Assignment1Framework\OpenGLFramework\OpenGLFramework\Debug\vc110.idb
\\matrix.cs.purdue.edu\homes\aliaga\doc\Courses\cs334\2015-Fall\Assignment1Framework\Assignment1Framework\OpenGLFramework\OpenGLFramework\Debug\vc110.pdb
\\matrix.cs.purdue.edu\homes\aliaga\doc\Courses\cs334\2015-Fall\Assignment1Framework\Assignment1Framework\OpenGLFramework\Debug\OpenGLFramework.pdb
\\matrix.cs.purdue.edu\homes\aliaga\doc\Courses\cs334\2015-Fall\Assignment1Framework\Assignment1Framework\OpenGLFramework\Debug\OpenGLFramework.exe
\\matrix.cs.purdue.edu\homes\aliaga\doc\Courses\cs334\2015-Fall\Assignment1Framework\Assignment1Framework\OpenGLFramework\Debug\OpenGLFramework.ilk
