C:\USERS\JEMMA\DOCUMENTS\SCHOOL\CS_334\MY PROJECTS\ASSIGNMENT2FRAMEWORK\OPENGLFRAMEWORK\OPENGLFRAMEWORK\DEBUG\GL_UTILS.OBJ
C:\USERS\JEMMA\DOCUMENTS\SCHOOL\CS_334\MY PROJECTS\ASSIGNMENT2FRAMEWORK\OPENGLFRAMEWORK\OPENGLFRAMEWORK\DEBUG\MAIN.OBJ
C:\USERS\JEMMA\DOCUMENTS\SCHOOL\CS_334\MY PROJECTS\ASSIGNMENT2FRAMEWORK\OPENGLFRAMEWORK\OPENGLFRAMEWORK\DEBUG\MATH_FUNCS.OBJ
C:\USERS\JEMMA\DOCUMENTS\SCHOOL\CS_334\MY PROJECTS\ASSIGNMENT2FRAMEWORK\OPENGLFRAMEWORK\OPENGLFRAMEWORK\DEBUG\OBJ_PARSER.OBJ
C:\USERS\JEMMA\DOCUMENTS\SCHOOL\CS_334\MY PROJECTS\ASSIGNMENT2FRAMEWORK\OPENGLFRAMEWORK\OPENGLFRAMEWORK\DEBUG\STB_IMAGE.OBJ
C:\USERS\JEMMA\DOCUMENTS\SCHOOL\CS_334\MY PROJECTS\ASSIGNMENT2FRAMEWORK\OPENGLFRAMEWORK\OPENGLFRAMEWORK\DEBUG\VC110.PDB
C:\USERS\JEMMA\DOCUMENTS\SCHOOL\CS_334\MY PROJECTS\ASSIGNMENT2FRAMEWORK\OPENGLFRAMEWORK\DEBUG\OPENGLFRAMEWORK.ILK
C:\USERS\JEMMA\DOCUMENTS\SCHOOL\CS_334\MY PROJECTS\ASSIGNMENT2FRAMEWORK\OPENGLFRAMEWORK\DEBUG\OPENGLFRAMEWORK.EXE
C:\USERS\JEMMA\DOCUMENTS\SCHOOL\CS_334\MY PROJECTS\ASSIGNMENT2FRAMEWORK\OPENGLFRAMEWORK\DEBUG\OPENGLFRAMEWORK.PDB
C:\Users\Jemma\Documents\School\CS_334\My Projects\Assignment2Framework\OpenGLFramework\OpenGLFramework\Debug\gl_utils.obj
C:\Users\Jemma\Documents\School\CS_334\My Projects\Assignment2Framework\OpenGLFramework\OpenGLFramework\Debug\main.obj
C:\Users\Jemma\Documents\School\CS_334\My Projects\Assignment2Framework\OpenGLFramework\OpenGLFramework\Debug\math_funcs.obj
C:\Users\Jemma\Documents\School\CS_334\My Projects\Assignment2Framework\OpenGLFramework\OpenGLFramework\Debug\obj_parser.obj
C:\Users\Jemma\Documents\School\CS_334\My Projects\Assignment2Framework\OpenGLFramework\OpenGLFramework\Debug\stb_image.obj
C:\Users\Jemma\Documents\School\CS_334\My Projects\Assignment2Framework\OpenGLFramework\OpenGLFramework\Debug\cl.command.1.tlog
C:\Users\Jemma\Documents\School\CS_334\My Projects\Assignment2Framework\OpenGLFramework\OpenGLFramework\Debug\CL.read.1.tlog
C:\Users\Jemma\Documents\School\CS_334\My Projects\Assignment2Framework\OpenGLFramework\OpenGLFramework\Debug\CL.write.1.tlog
C:\Users\Jemma\Documents\School\CS_334\My Projects\Assignment2Framework\OpenGLFramework\OpenGLFramework\Debug\link-cvtres.read.1.tlog
C:\Users\Jemma\Documents\School\CS_334\My Projects\Assignment2Framework\OpenGLFramework\OpenGLFramework\Debug\link-cvtres.write.1.tlog
C:\Users\Jemma\Documents\School\CS_334\My Projects\Assignment2Framework\OpenGLFramework\OpenGLFramework\Debug\link-rc.read.1.tlog
C:\Users\Jemma\Documents\School\CS_334\My Projects\Assignment2Framework\OpenGLFramework\OpenGLFramework\Debug\link-rc.write.1.tlog
C:\Users\Jemma\Documents\School\CS_334\My Projects\Assignment2Framework\OpenGLFramework\OpenGLFramework\Debug\link.command.1.tlog
C:\Users\Jemma\Documents\School\CS_334\My Projects\Assignment2Framework\OpenGLFramework\OpenGLFramework\Debug\link.read.1.tlog
C:\Users\Jemma\Documents\School\CS_334\My Projects\Assignment2Framework\OpenGLFramework\OpenGLFramework\Debug\link.write.1.tlog
C:\Users\Jemma\Documents\School\CS_334\My Projects\Assignment2Framework\OpenGLFramework\OpenGLFramework\Debug\vc110.idb
C:\Users\Jemma\Documents\School\CS_334\My Projects\Assignment2Framework\OpenGLFramework\OpenGLFramework\Debug\vc110.pdb
C:\Users\Jemma\Documents\School\CS_334\My Projects\Assignment2Framework\OpenGLFramework\Debug\OpenGLFramework.pdb
C:\Users\Jemma\Documents\School\CS_334\My Projects\Assignment2Framework\OpenGLFramework\Debug\OpenGLFramework.exe
C:\Users\Jemma\Documents\School\CS_334\My Projects\Assignment2Framework\OpenGLFramework\Debug\OpenGLFramework.ilk
