Build started 10/9/2015 10:03:46.
     1>Project "C:\Users\AndresMauricio.ANDRES-LAPTOP\Desktop\Assignment2Framework\OpenGLFramework\OpenGLFramework\OpenGLFramework.vcxproj" on node 2 (Build target(s)).
     1>ClCompile:
         C:\Program Files (x86)\Microsoft Visual Studio 11.0\VC\bin\CL.exe /c /Zi /nologo /W3 /WX- /sdl /O2 /Oi /Oy- /GL /D _CRT_SECURE_NO_WARNINGS /D _MBCS /Gm- /EHsc /MD /GS /Gy /fp:precise /Zc:wchar_t /Zc:forScope /Fo"Release\\" /Fd"Release\vc110.pdb" /Gd /TP /analyze- /errorReport:prompt main.cpp
         main.cpp
     1>main.cpp(306): warning C4244: '-=' : conversion from 'double' to 'float', possible loss of data
     1>main.cpp(312): warning C4244: '+=' : conversion from 'double' to 'float', possible loss of data
     1>main.cpp(318): warning C4244: '+=' : conversion from 'double' to 'float', possible loss of data
     1>main.cpp(324): warning C4244: '-=' : conversion from 'double' to 'float', possible loss of data
     1>main.cpp(330): warning C4244: '-=' : conversion from 'double' to 'float', possible loss of data
     1>main.cpp(336): warning C4244: '+=' : conversion from 'double' to 'float', possible loss of data
     1>main.cpp(342): warning C4244: '-=' : conversion from 'double' to 'float', possible loss of data
     1>main.cpp(352): warning C4244: '+=' : conversion from 'double' to 'float', possible loss of data
     1>main.cpp(375): warning C4244: '+=' : conversion from 'double' to 'float', possible loss of data
     1>main.cpp(385): warning C4244: '-=' : conversion from 'double' to 'float', possible loss of data
     1>main.cpp(395): warning C4244: '+=' : conversion from 'double' to 'float', possible loss of data
     1>main.cpp(405): warning C4244: '-=' : conversion from 'double' to 'float', possible loss of data
     1>main.cpp(507): warning C4305: 'argument' : truncation from 'double' to 'GLclampf'
     1>main.cpp(518): warning C4244: 'argument' : conversion from 'float' to 'int', possible loss of data
       Link:
         C:\Program Files (x86)\Microsoft Visual Studio 11.0\VC\bin\link.exe /ERRORREPORT:PROMPT /OUT:"C:\Users\AndresMauricio.ANDRES-LAPTOP\Desktop\Assignment2Framework\OpenGLFramework\Release\OpenGLFramework.exe" /NOLOGO glew32.lib freeglut.lib kernel32.lib user32.lib gdi32.lib winspool.lib comdlg32.lib advapi32.lib shell32.lib ole32.lib oleaut32.lib uuid.lib odbc32.lib odbccp32.lib /MANIFEST /MANIFESTUAC:"level='asInvoker' uiAccess='false'" /manifest:embed /DEBUG /PDB:"C:\Users\AndresMauricio.ANDRES-LAPTOP\Desktop\Assignment2Framework\OpenGLFramework\Release\OpenGLFramework.pdb" /OPT:REF /OPT:ICF /LTCG /TLBID:1 /DYNAMICBASE /NXCOMPAT /IMPLIB:"C:\Users\AndresMauricio.ANDRES-LAPTOP\Desktop\Assignment2Framework\OpenGLFramework\Release\OpenGLFramework.lib" /MACHINE:X86 /SAFESEH Release\gl_utils.obj
         Release\main.obj
         Release\math_funcs.obj
         Release\obj_parser.obj
         Release\stb_image.obj
         Generating code
         Finished generating code
         OpenGLFramework.vcxproj -> C:\Users\AndresMauricio.ANDRES-LAPTOP\Desktop\Assignment2Framework\OpenGLFramework\Release\OpenGLFramework.exe
     1>Done Building Project "C:\Users\AndresMauricio.ANDRES-LAPTOP\Desktop\Assignment2Framework\OpenGLFramework\OpenGLFramework\OpenGLFramework.vcxproj" (Build target(s)).

Build succeeded.

Time Elapsed 00:00:02.25
